{
    "C:\\Users\\rehan\\Downloads\\Ecommerce\\src\\Middleware\\authMiddleware.js": {
        "path": "C:\\Users\\rehan\\Downloads\\Ecommerce\\src\\Middleware\\authMiddleware.js",
        "statementMap": {
            "0": {
                "start": {
                    "line": 1,
                    "column": 12
                },
                "end": {
                    "line": 1,
                    "column": 35
                }
            },
            "1": {
                "start": {
                    "line": 2,
                    "column": 15
                },
                "end": {
                    "line": 2,
                    "column": 38
                }
            },
            "2": {
                "start": {
                    "line": 4,
                    "column": 0
                },
                "end": {
                    "line": 20,
                    "column": 2
                }
            },
            "3": {
                "start": {
                    "line": 5,
                    "column": 16
                },
                "end": {
                    "line": 5,
                    "column": 43
                }
            },
            "4": {
                "start": {
                    "line": 8,
                    "column": 2
                },
                "end": {
                    "line": 10,
                    "column": 3
                }
            },
            "5": {
                "start": {
                    "line": 9,
                    "column": 4
                },
                "end": {
                    "line": 9,
                    "column": 80
                }
            },
            "6": {
                "start": {
                    "line": 12,
                    "column": 2
                },
                "end": {
                    "line": 19,
                    "column": 3
                }
            },
            "7": {
                "start": {
                    "line": 13,
                    "column": 20
                },
                "end": {
                    "line": 13,
                    "column": 55
                }
            },
            "8": {
                "start": {
                    "line": 14,
                    "column": 4
                },
                "end": {
                    "line": 14,
                    "column": 28
                }
            },
            "9": {
                "start": {
                    "line": 15,
                    "column": 4
                },
                "end": {
                    "line": 15,
                    "column": 11
                }
            },
            "10": {
                "start": {
                    "line": 17,
                    "column": 4
                },
                "end": {
                    "line": 17,
                    "column": 56
                }
            },
            "11": {
                "start": {
                    "line": 18,
                    "column": 4
                },
                "end": {
                    "line": 18,
                    "column": 54
                }
            }
        },
        "fnMap": {
            "0": {
                "name": "(anonymous_0)",
                "decl": {
                    "start": {
                        "line": 4,
                        "column": 23
                    },
                    "end": {
                        "line": 4,
                        "column": 24
                    }
                },
                "loc": {
                    "start": {
                        "line": 4,
                        "column": 43
                    },
                    "end": {
                        "line": 20,
                        "column": 1
                    }
                },
                "line": 4
            }
        },
        "branchMap": {
            "0": {
                "loc": {
                    "start": {
                        "line": 8,
                        "column": 2
                    },
                    "end": {
                        "line": 10,
                        "column": 3
                    }
                },
                "type": "if",
                "locations": [
                    {
                        "start": {
                            "line": 8,
                            "column": 2
                        },
                        "end": {
                            "line": 10,
                            "column": 3
                        }
                    },
                    {
                        "start": {},
                        "end": {}
                    }
                ],
                "line": 8
            }
        },
        "s": {
            "0": 6,
            "1": 6,
            "2": 6,
            "3": 5,
            "4": 5,
            "5": 5,
            "6": 0,
            "7": 0,
            "8": 0,
            "9": 0,
            "10": 0,
            "11": 0
        },
        "f": {
            "0": 5
        },
        "b": {
            "0": [
                5,
                0
            ]
        },
        "_coverageSchema": "1a1c01bbd47fc00a2c39e90264f33305004495a9",
        "hash": "9a1207b3a6e4a3ee53e4e496d254373a0ceb3409"
    },
    "C:\\Users\\rehan\\Downloads\\Ecommerce\\src\\controllers\\authController.js": {
        "path": "C:\\Users\\rehan\\Downloads\\Ecommerce\\src\\controllers\\authController.js",
        "statementMap": {
            "0": {
                "start": {
                    "line": 1,
                    "column": 15
                },
                "end": {
                    "line": 1,
                    "column": 32
                }
            },
            "1": {
                "start": {
                    "line": 2,
                    "column": 12
                },
                "end": {
                    "line": 2,
                    "column": 35
                }
            },
            "2": {
                "start": {
                    "line": 3,
                    "column": 15
                },
                "end": {
                    "line": 3,
                    "column": 38
                }
            },
            "3": {
                "start": {
                    "line": 4,
                    "column": 13
                },
                "end": {
                    "line": 4,
                    "column": 38
                }
            },
            "4": {
                "start": {
                    "line": 5,
                    "column": 34
                },
                "end": {
                    "line": 5,
                    "column": 69
                }
            },
            "5": {
                "start": {
                    "line": 6,
                    "column": 37
                },
                "end": {
                    "line": 6,
                    "column": 82
                }
            },
            "6": {
                "start": {
                    "line": 9,
                    "column": 17
                },
                "end": {
                    "line": 28,
                    "column": 1
                }
            },
            "7": {
                "start": {
                    "line": 10,
                    "column": 2
                },
                "end": {
                    "line": 27,
                    "column": 3
                }
            },
            "8": {
                "start": {
                    "line": 11,
                    "column": 42
                },
                "end": {
                    "line": 11,
                    "column": 50
                }
            },
            "9": {
                "start": {
                    "line": 12,
                    "column": 25
                },
                "end": {
                    "line": 12,
                    "column": 54
                }
            },
            "10": {
                "start": {
                    "line": 13,
                    "column": 4
                },
                "end": {
                    "line": 15,
                    "column": 5
                }
            },
            "11": {
                "start": {
                    "line": 14,
                    "column": 6
                },
                "end": {
                    "line": 14,
                    "column": 68
                }
            },
            "12": {
                "start": {
                    "line": 16,
                    "column": 27
                },
                "end": {
                    "line": 16,
                    "column": 58
                }
            },
            "13": {
                "start": {
                    "line": 18,
                    "column": 27
                },
                "end": {
                    "line": 18,
                    "column": 53
                }
            },
            "14": {
                "start": {
                    "line": 19,
                    "column": 17
                },
                "end": {
                    "line": 19,
                    "column": 89
                }
            },
            "15": {
                "start": {
                    "line": 20,
                    "column": 4
                },
                "end": {
                    "line": 20,
                    "column": 22
                }
            },
            "16": {
                "start": {
                    "line": 21,
                    "column": 4
                },
                "end": {
                    "line": 21,
                    "column": 57
                }
            },
            "17": {
                "start": {
                    "line": 23,
                    "column": 4
                },
                "end": {
                    "line": 23,
                    "column": 70
                }
            },
            "18": {
                "start": {
                    "line": 25,
                    "column": 4
                },
                "end": {
                    "line": 25,
                    "column": 52
                }
            },
            "19": {
                "start": {
                    "line": 26,
                    "column": 4
                },
                "end": {
                    "line": 26,
                    "column": 61
                }
            },
            "20": {
                "start": {
                    "line": 29,
                    "column": 14
                },
                "end": {
                    "line": 53,
                    "column": 3
                }
            },
            "21": {
                "start": {
                    "line": 30,
                    "column": 4
                },
                "end": {
                    "line": 52,
                    "column": 5
                }
            },
            "22": {
                "start": {
                    "line": 31,
                    "column": 34
                },
                "end": {
                    "line": 31,
                    "column": 42
                }
            },
            "23": {
                "start": {
                    "line": 33,
                    "column": 19
                },
                "end": {
                    "line": 33,
                    "column": 48
                }
            },
            "24": {
                "start": {
                    "line": 34,
                    "column": 6
                },
                "end": {
                    "line": 36,
                    "column": 7
                }
            },
            "25": {
                "start": {
                    "line": 35,
                    "column": 8
                },
                "end": {
                    "line": 35,
                    "column": 65
                }
            },
            "26": {
                "start": {
                    "line": 38,
                    "column": 6
                },
                "end": {
                    "line": 40,
                    "column": 7
                }
            },
            "27": {
                "start": {
                    "line": 39,
                    "column": 8
                },
                "end": {
                    "line": 39,
                    "column": 69
                }
            },
            "28": {
                "start": {
                    "line": 42,
                    "column": 28
                },
                "end": {
                    "line": 42,
                    "column": 73
                }
            },
            "29": {
                "start": {
                    "line": 43,
                    "column": 4
                },
                "end": {
                    "line": 45,
                    "column": 5
                }
            },
            "30": {
                "start": {
                    "line": 44,
                    "column": 6
                },
                "end": {
                    "line": 44,
                    "column": 68
                }
            },
            "31": {
                "start": {
                    "line": 47,
                    "column": 20
                },
                "end": {
                    "line": 47,
                    "column": 89
                }
            },
            "32": {
                "start": {
                    "line": 49,
                    "column": 6
                },
                "end": {
                    "line": 49,
                    "column": 67
                }
            },
            "33": {
                "start": {
                    "line": 51,
                    "column": 6
                },
                "end": {
                    "line": 51,
                    "column": 63
                }
            },
            "34": {
                "start": {
                    "line": 56,
                    "column": 0
                },
                "end": {
                    "line": 56,
                    "column": 37
                }
            }
        },
        "fnMap": {
            "0": {
                "name": "(anonymous_0)",
                "decl": {
                    "start": {
                        "line": 9,
                        "column": 17
                    },
                    "end": {
                        "line": 9,
                        "column": 18
                    }
                },
                "loc": {
                    "start": {
                        "line": 9,
                        "column": 37
                    },
                    "end": {
                        "line": 28,
                        "column": 1
                    }
                },
                "line": 9
            },
            "1": {
                "name": "(anonymous_1)",
                "decl": {
                    "start": {
                        "line": 29,
                        "column": 14
                    },
                    "end": {
                        "line": 29,
                        "column": 15
                    }
                },
                "loc": {
                    "start": {
                        "line": 29,
                        "column": 34
                    },
                    "end": {
                        "line": 53,
                        "column": 3
                    }
                },
                "line": 29
            }
        },
        "branchMap": {
            "0": {
                "loc": {
                    "start": {
                        "line": 13,
                        "column": 4
                    },
                    "end": {
                        "line": 15,
                        "column": 5
                    }
                },
                "type": "if",
                "locations": [
                    {
                        "start": {
                            "line": 13,
                            "column": 4
                        },
                        "end": {
                            "line": 15,
                            "column": 5
                        }
                    },
                    {
                        "start": {},
                        "end": {}
                    }
                ],
                "line": 13
            },
            "1": {
                "loc": {
                    "start": {
                        "line": 34,
                        "column": 6
                    },
                    "end": {
                        "line": 36,
                        "column": 7
                    }
                },
                "type": "if",
                "locations": [
                    {
                        "start": {
                            "line": 34,
                            "column": 6
                        },
                        "end": {
                            "line": 36,
                            "column": 7
                        }
                    },
                    {
                        "start": {},
                        "end": {}
                    }
                ],
                "line": 34
            },
            "2": {
                "loc": {
                    "start": {
                        "line": 38,
                        "column": 6
                    },
                    "end": {
                        "line": 40,
                        "column": 7
                    }
                },
                "type": "if",
                "locations": [
                    {
                        "start": {
                            "line": 38,
                            "column": 6
                        },
                        "end": {
                            "line": 40,
                            "column": 7
                        }
                    },
                    {
                        "start": {},
                        "end": {}
                    }
                ],
                "line": 38
            },
            "3": {
                "loc": {
                    "start": {
                        "line": 43,
                        "column": 4
                    },
                    "end": {
                        "line": 45,
                        "column": 5
                    }
                },
                "type": "if",
                "locations": [
                    {
                        "start": {
                            "line": 43,
                            "column": 4
                        },
                        "end": {
                            "line": 45,
                            "column": 5
                        }
                    },
                    {
                        "start": {},
                        "end": {}
                    }
                ],
                "line": 43
            }
        },
        "s": {
            "0": 6,
            "1": 6,
            "2": 6,
            "3": 6,
            "4": 6,
            "5": 6,
            "6": 6,
            "7": 2,
            "8": 2,
            "9": 2,
            "10": 2,
            "11": 0,
            "12": 2,
            "13": 2,
            "14": 2,
            "15": 2,
            "16": 2,
            "17": 0,
            "18": 2,
            "19": 2,
            "20": 6,
            "21": 3,
            "22": 3,
            "23": 3,
            "24": 3,
            "25": 2,
            "26": 1,
            "27": 1,
            "28": 0,
            "29": 0,
            "30": 0,
            "31": 0,
            "32": 0,
            "33": 0,
            "34": 6
        },
        "f": {
            "0": 2,
            "1": 3
        },
        "b": {
            "0": [
                0,
                2
            ],
            "1": [
                2,
                1
            ],
            "2": [
                1,
                0
            ],
            "3": [
                0,
                0
            ]
        },
        "_coverageSchema": "1a1c01bbd47fc00a2c39e90264f33305004495a9",
        "hash": "51fc982984d7213dea11fe72e42ac5fe2b7086cf"
    },
    "C:\\Users\\rehan\\Downloads\\Ecommerce\\src\\controllers\\categoryController.js": {
        "path": "C:\\Users\\rehan\\Downloads\\Ecommerce\\src\\controllers\\categoryController.js",
        "statementMap": {
            "0": {
                "start": {
                    "line": 1,
                    "column": 17
                },
                "end": {
                    "line": 1,
                    "column": 46
                }
            },
            "1": {
                "start": {
                    "line": 2,
                    "column": 25
                },
                "end": {
                    "line": 2,
                    "column": 64
                }
            },
            "2": {
                "start": {
                    "line": 3,
                    "column": 0
                },
                "end": {
                    "line": 21,
                    "column": 2
                }
            },
            "3": {
                "start": {
                    "line": 4,
                    "column": 2
                },
                "end": {
                    "line": 20,
                    "column": 3
                }
            },
            "4": {
                "start": {
                    "line": 5,
                    "column": 34
                },
                "end": {
                    "line": 5,
                    "column": 42
                }
            },
            "5": {
                "start": {
                    "line": 6,
                    "column": 29
                },
                "end": {
                    "line": 6,
                    "column": 61
                }
            },
            "6": {
                "start": {
                    "line": 7,
                    "column": 4
                },
                "end": {
                    "line": 9,
                    "column": 5
                }
            },
            "7": {
                "start": {
                    "line": 8,
                    "column": 6
                },
                "end": {
                    "line": 8,
                    "column": 72
                }
            },
            "8": {
                "start": {
                    "line": 11,
                    "column": 21
                },
                "end": {
                    "line": 11,
                    "column": 56
                }
            },
            "9": {
                "start": {
                    "line": 12,
                    "column": 4
                },
                "end": {
                    "line": 12,
                    "column": 26
                }
            },
            "10": {
                "start": {
                    "line": 14,
                    "column": 4
                },
                "end": {
                    "line": 16,
                    "column": 68
                }
            },
            "11": {
                "start": {
                    "line": 18,
                    "column": 4
                },
                "end": {
                    "line": 18,
                    "column": 53
                }
            },
            "12": {
                "start": {
                    "line": 19,
                    "column": 4
                },
                "end": {
                    "line": 19,
                    "column": 61
                }
            },
            "13": {
                "start": {
                    "line": 23,
                    "column": 0
                },
                "end": {
                    "line": 30,
                    "column": 2
                }
            },
            "14": {
                "start": {
                    "line": 24,
                    "column": 2
                },
                "end": {
                    "line": 29,
                    "column": 3
                }
            },
            "15": {
                "start": {
                    "line": 25,
                    "column": 23
                },
                "end": {
                    "line": 25,
                    "column": 44
                }
            },
            "16": {
                "start": {
                    "line": 26,
                    "column": 4
                },
                "end": {
                    "line": 26,
                    "column": 37
                }
            },
            "17": {
                "start": {
                    "line": 28,
                    "column": 4
                },
                "end": {
                    "line": 28,
                    "column": 61
                }
            },
            "18": {
                "start": {
                    "line": 32,
                    "column": 0
                },
                "end": {
                    "line": 54,
                    "column": 2
                }
            },
            "19": {
                "start": {
                    "line": 33,
                    "column": 2
                },
                "end": {
                    "line": 53,
                    "column": 3
                }
            },
            "20": {
                "start": {
                    "line": 34,
                    "column": 27
                },
                "end": {
                    "line": 34,
                    "column": 37
                }
            },
            "21": {
                "start": {
                    "line": 35,
                    "column": 34
                },
                "end": {
                    "line": 35,
                    "column": 42
                }
            },
            "22": {
                "start": {
                    "line": 37,
                    "column": 21
                },
                "end": {
                    "line": 37,
                    "column": 56
                }
            },
            "23": {
                "start": {
                    "line": 38,
                    "column": 4
                },
                "end": {
                    "line": 40,
                    "column": 5
                }
            },
            "24": {
                "start": {
                    "line": 39,
                    "column": 6
                },
                "end": {
                    "line": 39,
                    "column": 67
                }
            },
            "25": {
                "start": {
                    "line": 42,
                    "column": 4
                },
                "end": {
                    "line": 42,
                    "column": 25
                }
            },
            "26": {
                "start": {
                    "line": 43,
                    "column": 4
                },
                "end": {
                    "line": 43,
                    "column": 39
                }
            },
            "27": {
                "start": {
                    "line": 45,
                    "column": 4
                },
                "end": {
                    "line": 45,
                    "column": 26
                }
            },
            "28": {
                "start": {
                    "line": 47,
                    "column": 4
                },
                "end": {
                    "line": 49,
                    "column": 68
                }
            },
            "29": {
                "start": {
                    "line": 51,
                    "column": 4
                },
                "end": {
                    "line": 51,
                    "column": 53
                }
            },
            "30": {
                "start": {
                    "line": 52,
                    "column": 4
                },
                "end": {
                    "line": 52,
                    "column": 61
                }
            },
            "31": {
                "start": {
                    "line": 56,
                    "column": 0
                },
                "end": {
                    "line": 59,
                    "column": 2
                }
            }
        },
        "fnMap": {
            "0": {
                "name": "(anonymous_0)",
                "decl": {
                    "start": {
                        "line": 3,
                        "column": 25
                    },
                    "end": {
                        "line": 3,
                        "column": 26
                    }
                },
                "loc": {
                    "start": {
                        "line": 3,
                        "column": 45
                    },
                    "end": {
                        "line": 21,
                        "column": 1
                    }
                },
                "line": 3
            },
            "1": {
                "name": "(anonymous_1)",
                "decl": {
                    "start": {
                        "line": 23,
                        "column": 27
                    },
                    "end": {
                        "line": 23,
                        "column": 28
                    }
                },
                "loc": {
                    "start": {
                        "line": 23,
                        "column": 47
                    },
                    "end": {
                        "line": 30,
                        "column": 1
                    }
                },
                "line": 23
            },
            "2": {
                "name": "(anonymous_2)",
                "decl": {
                    "start": {
                        "line": 32,
                        "column": 25
                    },
                    "end": {
                        "line": 32,
                        "column": 26
                    }
                },
                "loc": {
                    "start": {
                        "line": 32,
                        "column": 45
                    },
                    "end": {
                        "line": 54,
                        "column": 1
                    }
                },
                "line": 32
            }
        },
        "branchMap": {
            "0": {
                "loc": {
                    "start": {
                        "line": 7,
                        "column": 4
                    },
                    "end": {
                        "line": 9,
                        "column": 5
                    }
                },
                "type": "if",
                "locations": [
                    {
                        "start": {
                            "line": 7,
                            "column": 4
                        },
                        "end": {
                            "line": 9,
                            "column": 5
                        }
                    },
                    {
                        "start": {},
                        "end": {}
                    }
                ],
                "line": 7
            },
            "1": {
                "loc": {
                    "start": {
                        "line": 38,
                        "column": 4
                    },
                    "end": {
                        "line": 40,
                        "column": 5
                    }
                },
                "type": "if",
                "locations": [
                    {
                        "start": {
                            "line": 38,
                            "column": 4
                        },
                        "end": {
                            "line": 40,
                            "column": 5
                        }
                    },
                    {
                        "start": {},
                        "end": {}
                    }
                ],
                "line": 38
            }
        },
        "s": {
            "0": 6,
            "1": 6,
            "2": 6,
            "3": 0,
            "4": 0,
            "5": 0,
            "6": 0,
            "7": 0,
            "8": 0,
            "9": 0,
            "10": 0,
            "11": 0,
            "12": 0,
            "13": 6,
            "14": 2,
            "15": 2,
            "16": 2,
            "17": 0,
            "18": 6,
            "19": 0,
            "20": 0,
            "21": 0,
            "22": 0,
            "23": 0,
            "24": 0,
            "25": 0,
            "26": 0,
            "27": 0,
            "28": 0,
            "29": 0,
            "30": 0,
            "31": 6
        },
        "f": {
            "0": 0,
            "1": 2,
            "2": 0
        },
        "b": {
            "0": [
                0,
                0
            ],
            "1": [
                0,
                0
            ]
        },
        "_coverageSchema": "1a1c01bbd47fc00a2c39e90264f33305004495a9",
        "hash": "294c1fa378e06a9ff588543459cbcfc88229950b"
    },
    "C:\\Users\\rehan\\Downloads\\Ecommerce\\src\\controllers\\verificationController.js": {
        "path": "C:\\Users\\rehan\\Downloads\\Ecommerce\\src\\controllers\\verificationController.js",
        "statementMap": {
            "0": {
                "start": {
                    "line": 1,
                    "column": 13
                },
                "end": {
                    "line": 1,
                    "column": 38
                }
            },
            "1": {
                "start": {
                    "line": 3,
                    "column": 0
                },
                "end": {
                    "line": 24,
                    "column": 2
                }
            },
            "2": {
                "start": {
                    "line": 4,
                    "column": 2
                },
                "end": {
                    "line": 23,
                    "column": 3
                }
            },
            "3": {
                "start": {
                    "line": 5,
                    "column": 40
                },
                "end": {
                    "line": 5,
                    "column": 48
                }
            },
            "4": {
                "start": {
                    "line": 6,
                    "column": 17
                },
                "end": {
                    "line": 6,
                    "column": 46
                }
            },
            "5": {
                "start": {
                    "line": 8,
                    "column": 4
                },
                "end": {
                    "line": 8,
                    "column": 31
                }
            },
            "6": {
                "start": {
                    "line": 9,
                    "column": 0
                },
                "end": {
                    "line": 9,
                    "column": 67
                }
            },
            "7": {
                "start": {
                    "line": 10,
                    "column": 0
                },
                "end": {
                    "line": 10,
                    "column": 76
                }
            },
            "8": {
                "start": {
                    "line": 12,
                    "column": 4
                },
                "end": {
                    "line": 14,
                    "column": 5
                }
            },
            "9": {
                "start": {
                    "line": 13,
                    "column": 6
                },
                "end": {
                    "line": 13,
                    "column": 74
                }
            },
            "10": {
                "start": {
                    "line": 17,
                    "column": 4
                },
                "end": {
                    "line": 17,
                    "column": 25
                }
            },
            "11": {
                "start": {
                    "line": 18,
                    "column": 4
                },
                "end": {
                    "line": 18,
                    "column": 22
                }
            },
            "12": {
                "start": {
                    "line": 20,
                    "column": 4
                },
                "end": {
                    "line": 20,
                    "column": 69
                }
            },
            "13": {
                "start": {
                    "line": 22,
                    "column": 4
                },
                "end": {
                    "line": 22,
                    "column": 61
                }
            }
        },
        "fnMap": {
            "0": {
                "name": "(anonymous_0)",
                "decl": {
                    "start": {
                        "line": 3,
                        "column": 22
                    },
                    "end": {
                        "line": 3,
                        "column": 23
                    }
                },
                "loc": {
                    "start": {
                        "line": 3,
                        "column": 42
                    },
                    "end": {
                        "line": 24,
                        "column": 1
                    }
                },
                "line": 3
            }
        },
        "branchMap": {
            "0": {
                "loc": {
                    "start": {
                        "line": 12,
                        "column": 4
                    },
                    "end": {
                        "line": 14,
                        "column": 5
                    }
                },
                "type": "if",
                "locations": [
                    {
                        "start": {
                            "line": 12,
                            "column": 4
                        },
                        "end": {
                            "line": 14,
                            "column": 5
                        }
                    },
                    {
                        "start": {},
                        "end": {}
                    }
                ],
                "line": 12
            },
            "1": {
                "loc": {
                    "start": {
                        "line": 12,
                        "column": 8
                    },
                    "end": {
                        "line": 12,
                        "column": 59
                    }
                },
                "type": "binary-expr",
                "locations": [
                    {
                        "start": {
                            "line": 12,
                            "column": 8
                        },
                        "end": {
                            "line": 12,
                            "column": 13
                        }
                    },
                    {
                        "start": {
                            "line": 12,
                            "column": 17
                        },
                        "end": {
                            "line": 12,
                            "column": 59
                        }
                    }
                ],
                "line": 12
            }
        },
        "s": {
            "0": 6,
            "1": 6,
            "2": 1,
            "3": 1,
            "4": 1,
            "5": 1,
            "6": 1,
            "7": 1,
            "8": 0,
            "9": 0,
            "10": 0,
            "11": 0,
            "12": 0,
            "13": 1
        },
        "f": {
            "0": 1
        },
        "b": {
            "0": [
                0,
                0
            ],
            "1": [
                0,
                0
            ]
        },
        "_coverageSchema": "1a1c01bbd47fc00a2c39e90264f33305004495a9",
        "hash": "4d1f95d51e21a17e19aff67697da758a39688054"
    },
    "C:\\Users\\rehan\\Downloads\\Ecommerce\\src\\models\\Category.js": {
        "path": "C:\\Users\\rehan\\Downloads\\Ecommerce\\src\\models\\Category.js",
        "statementMap": {
            "0": {
                "start": {
                    "line": 1,
                    "column": 17
                },
                "end": {
                    "line": 1,
                    "column": 36
                }
            },
            "1": {
                "start": {
                    "line": 3,
                    "column": 23
                },
                "end": {
                    "line": 12,
                    "column": 2
                }
            },
            "2": {
                "start": {
                    "line": 14,
                    "column": 17
                },
                "end": {
                    "line": 14,
                    "column": 59
                }
            },
            "3": {
                "start": {
                    "line": 16,
                    "column": 0
                },
                "end": {
                    "line": 16,
                    "column": 26
                }
            }
        },
        "fnMap": {},
        "branchMap": {},
        "s": {
            "0": 7,
            "1": 7,
            "2": 7,
            "3": 7
        },
        "f": {},
        "b": {},
        "_coverageSchema": "1a1c01bbd47fc00a2c39e90264f33305004495a9",
        "hash": "43e98c90b8247fcaf07569f36945aa6d5650345e"
    },
    "C:\\Users\\rehan\\Downloads\\Ecommerce\\src\\models\\User.js": {
        "path": "C:\\Users\\rehan\\Downloads\\Ecommerce\\src\\models\\User.js",
        "statementMap": {
            "0": {
                "start": {
                    "line": 1,
                    "column": 17
                },
                "end": {
                    "line": 1,
                    "column": 36
                }
            },
            "1": {
                "start": {
                    "line": 3,
                    "column": 19
                },
                "end": {
                    "line": 29,
                    "column": 2
                }
            },
            "2": {
                "start": {
                    "line": 31,
                    "column": 13
                },
                "end": {
                    "line": 31,
                    "column": 47
                }
            },
            "3": {
                "start": {
                    "line": 33,
                    "column": 0
                },
                "end": {
                    "line": 33,
                    "column": 22
                }
            }
        },
        "fnMap": {},
        "branchMap": {},
        "s": {
            "0": 7,
            "1": 7,
            "2": 7,
            "3": 7
        },
        "f": {},
        "b": {},
        "_coverageSchema": "1a1c01bbd47fc00a2c39e90264f33305004495a9",
        "hash": "bcf325725dafcff2056a5033243207b14e089c99"
    },
    "C:\\Users\\rehan\\Downloads\\Ecommerce\\src\\routes\\authRoutes.js": {
        "path": "C:\\Users\\rehan\\Downloads\\Ecommerce\\src\\routes\\authRoutes.js",
        "statementMap": {
            "0": {
                "start": {
                    "line": 2,
                    "column": 16
                },
                "end": {
                    "line": 2,
                    "column": 34
                }
            },
            "1": {
                "start": {
                    "line": 3,
                    "column": 15
                },
                "end": {
                    "line": 3,
                    "column": 31
                }
            },
            "2": {
                "start": {
                    "line": 4,
                    "column": 23
                },
                "end": {
                    "line": 4,
                    "column": 63
                }
            },
            "3": {
                "start": {
                    "line": 6,
                    "column": 0
                },
                "end": {
                    "line": 6,
                    "column": 50
                }
            },
            "4": {
                "start": {
                    "line": 7,
                    "column": 0
                },
                "end": {
                    "line": 7,
                    "column": 44
                }
            },
            "5": {
                "start": {
                    "line": 8,
                    "column": 0
                },
                "end": {
                    "line": 8,
                    "column": 24
                }
            }
        },
        "fnMap": {},
        "branchMap": {},
        "s": {
            "0": 6,
            "1": 6,
            "2": 6,
            "3": 6,
            "4": 6,
            "5": 6
        },
        "f": {},
        "b": {},
        "_coverageSchema": "1a1c01bbd47fc00a2c39e90264f33305004495a9",
        "hash": "61cced67b9849d0b4b465952f3ee12f052596561"
    },
    "C:\\Users\\rehan\\Downloads\\Ecommerce\\src\\routes\\categoryRoutes.js": {
        "path": "C:\\Users\\rehan\\Downloads\\Ecommerce\\src\\routes\\categoryRoutes.js",
        "statementMap": {
            "0": {
                "start": {
                    "line": 1,
                    "column": 16
                },
                "end": {
                    "line": 1,
                    "column": 34
                }
            },
            "1": {
                "start": {
                    "line": 2,
                    "column": 15
                },
                "end": {
                    "line": 2,
                    "column": 31
                }
            },
            "2": {
                "start": {
                    "line": 3,
                    "column": 27
                },
                "end": {
                    "line": 3,
                    "column": 71
                }
            },
            "3": {
                "start": {
                    "line": 5,
                    "column": 0
                },
                "end": {
                    "line": 5,
                    "column": 100
                }
            },
            "4": {
                "start": {
                    "line": 6,
                    "column": 0
                },
                "end": {
                    "line": 6,
                    "column": 53
                }
            },
            "5": {
                "start": {
                    "line": 7,
                    "column": 0
                },
                "end": {
                    "line": 7,
                    "column": 110
                }
            },
            "6": {
                "start": {
                    "line": 9,
                    "column": 0
                },
                "end": {
                    "line": 9,
                    "column": 24
                }
            }
        },
        "fnMap": {},
        "branchMap": {},
        "s": {
            "0": 6,
            "1": 6,
            "2": 6,
            "3": 6,
            "4": 6,
            "5": 6,
            "6": 6
        },
        "f": {},
        "b": {},
        "_coverageSchema": "1a1c01bbd47fc00a2c39e90264f33305004495a9",
        "hash": "84d8d923e01f30e461336b9b4975af5f52cdf1bb"
    },
    "C:\\Users\\rehan\\Downloads\\Ecommerce\\src\\routes\\verificationRoutes.js": {
        "path": "C:\\Users\\rehan\\Downloads\\Ecommerce\\src\\routes\\verificationRoutes.js",
        "statementMap": {
            "0": {
                "start": {
                    "line": 1,
                    "column": 16
                },
                "end": {
                    "line": 1,
                    "column": 34
                }
            },
            "1": {
                "start": {
                    "line": 2,
                    "column": 15
                },
                "end": {
                    "line": 2,
                    "column": 31
                }
            },
            "2": {
                "start": {
                    "line": 3,
                    "column": 31
                },
                "end": {
                    "line": 3,
                    "column": 79
                }
            },
            "3": {
                "start": {
                    "line": 5,
                    "column": 0
                },
                "end": {
                    "line": 5,
                    "column": 65
                }
            },
            "4": {
                "start": {
                    "line": 7,
                    "column": 0
                },
                "end": {
                    "line": 7,
                    "column": 24
                }
            }
        },
        "fnMap": {},
        "branchMap": {},
        "s": {
            "0": 6,
            "1": 6,
            "2": 6,
            "3": 6,
            "4": 6
        },
        "f": {},
        "b": {},
        "_coverageSchema": "1a1c01bbd47fc00a2c39e90264f33305004495a9",
        "hash": "e8b6b8166102f4c282ca02d030784ccdcb4ae26b"
    },
    "C:\\Users\\rehan\\Downloads\\Ecommerce\\src\\services\\emailService.js": {
        "path": "C:\\Users\\rehan\\Downloads\\Ecommerce\\src\\services\\emailService.js",
        "statementMap": {},
        "fnMap": {},
        "branchMap": {},
        "s": {},
        "f": {},
        "b": {},
        "_coverageSchema": "1a1c01bbd47fc00a2c39e90264f33305004495a9",
        "hash": "feb4ab11c1176b8002233095f899de4e10f5efcb"
    },
    "C:\\Users\\rehan\\Downloads\\Ecommerce\\src\\utils\\verificationCodeGenerator.js": {
        "path": "C:\\Users\\rehan\\Downloads\\Ecommerce\\src\\utils\\verificationCodeGenerator.js",
        "statementMap": {
            "0": {
                "start": {
                    "line": 2,
                    "column": 33
                },
                "end": {
                    "line": 6,
                    "column": 3
                }
            },
            "1": {
                "start": {
                    "line": 3,
                    "column": 16
                },
                "end": {
                    "line": 3,
                    "column": 24
                }
            },
            "2": {
                "start": {
                    "line": 4,
                    "column": 16
                },
                "end": {
                    "line": 4,
                    "column": 24
                }
            },
            "3": {
                "start": {
                    "line": 5,
                    "column": 4
                },
                "end": {
                    "line": 5,
                    "column": 61
                }
            },
            "4": {
                "start": {
                    "line": 8,
                    "column": 2
                },
                "end": {
                    "line": 8,
                    "column": 48
                }
            }
        },
        "fnMap": {
            "0": {
                "name": "(anonymous_0)",
                "decl": {
                    "start": {
                        "line": 2,
                        "column": 33
                    },
                    "end": {
                        "line": 2,
                        "column": 34
                    }
                },
                "loc": {
                    "start": {
                        "line": 2,
                        "column": 39
                    },
                    "end": {
                        "line": 6,
                        "column": 3
                    }
                },
                "line": 2
            }
        },
        "branchMap": {},
        "s": {
            "0": 6,
            "1": 2,
            "2": 2,
            "3": 2,
            "4": 6
        },
        "f": {
            "0": 2
        },
        "b": {},
        "_coverageSchema": "1a1c01bbd47fc00a2c39e90264f33305004495a9",
        "hash": "4ec0005d20504cc21b2a159ff27422bc8be9244c"
    }
}